# JRE version: OpenJDK Runtime Environment (11.0.8+10) (build 11.0.8+10-b944.6842174)
# Java VM: OpenJDK 64-Bit Server VM (11.0.8+10-b944.6842174, mixed mode, tiered, compressed oops, g1 gc, windows-amd64)
Heap:
 garbage-first heap   total 196608K, used 82794K [0x0000000080000000, 0x0000000100000000)
  region size 1024K, 40 young (40960K), 13 survivors (13312K)
 Metaspace       used 75364K, capacity 77195K, committed 77440K, reserved 1116160K
  class space    used 9877K, capacity 10581K, committed 10624K, reserved 1048576K
GC Heap History (20 events):
Event: 3.133 GC heap before
{Heap before GC invocations=2 (full 0):
 garbage-first heap   total 196608K, used 39632K [0x0000000080000000, 0x0000000100000000)
  region size 1024K, 32 young (32768K), 1 survivors (1024K)
 Metaspace       used 10714K, capacity 10949K, committed 11264K, reserved 1058816K
  class space    used 1104K, capacity 1164K, committed 1280K, reserved 1048576K
}
Event: 3.136 GC heap after
{Heap after GC invocations=3 (full 0):
 garbage-first heap   total 196608K, used 13039K [0x0000000080000000, 0x0000000100000000)
  region size 1024K, 4 young (4096K), 4 survivors (4096K)
 Metaspace       used 10714K, capacity 10949K, committed 11264K, reserved 1058816K
  class space    used 1104K, capacity 1164K, committed 1280K, reserved 1048576K
}
Event: 6.535 GC heap before
{Heap before GC invocations=3 (full 0):
 garbage-first heap   total 196608K, used 58095K [0x0000000080000000, 0x0000000100000000)
  region size 1024K, 48 young (49152K), 4 survivors (4096K)
 Metaspace       used 19143K, capacity 19582K, committed 19712K, reserved 1067008K
  class space    used 2322K, capacity 2457K, committed 2560K, reserved 1048576K
}
Event: 6.543 GC heap after
{Heap after GC invocations=4 (full 0):
 garbage-first heap   total 196608K, used 16297K [0x0000000080000000, 0x0000000100000000)
  region size 1024K, 3 young (3072K), 3 survivors (3072K)
 Metaspace       used 19143K, capacity 19582K, committed 19712K, reserved 1067008K
  class space    used 2322K, capacity 2457K, committed 2560K, reserved 1048576K
}
Event: 6.875 GC heap before
{Heap before GC invocations=4 (full 0):
 garbage-first heap   total 196608K, used 25513K [0x0000000080000000, 0x0000000100000000)
  region size 1024K, 13 young (13312K), 3 survivors (3072K)
 Metaspace       used 20619K, capacity 21093K, committed 21248K, reserved 1067008K
  class space    used 2520K, capacity 2710K, committed 2816K, reserved 1048576K
}
Event: 6.882 GC heap after
{Heap after GC invocations=5 (full 0):
 garbage-first heap   total 196608K, used 16802K [0x0000000080000000, 0x0000000100000000)
  region size 1024K, 4 young (4096K), 4 survivors (4096K)
 Metaspace       used 20619K, capacity 21093K, committed 21248K, reserved 1067008K
  class space    used 2520K, capacity 2710K, committed 2816K, reserved 1048576K
}
Event: 8.939 GC heap before
{Heap before GC invocations=6 (full 0):
 garbage-first heap   total 196608K, used 71074K [0x0000000080000000, 0x0000000100000000)
  region size 1024K, 58 young (59392K), 4 survivors (4096K)
 Metaspace       used 26697K, capacity 27293K, committed 27648K, reserved 1073152K
  class space    used 3502K, capacity 3718K, committed 3840K, reserved 1048576K
}
Event: 8.946 GC heap after
{Heap after GC invocations=7 (full 0):
 garbage-first heap   total 196608K, used 18648K [0x0000000080000000, 0x0000000100000000)
  region size 1024K, 6 young (6144K), 6 survivors (6144K)
 Metaspace       used 26697K, capacity 27293K, committed 27648K, reserved 1073152K
  class space    used 3502K, capacity 3718K, committed 3840K, reserved 1048576K
}
Event: 11.029 GC heap before
{Heap before GC invocations=7 (full 0):
 garbage-first heap   total 196608K, used 61656K [0x0000000080000000, 0x0000000100000000)
  region size 1024K, 50 young (51200K), 6 survivors (6144K)
 Metaspace       used 35139K, capacity 35821K, committed 35840K, reserved 1081344K
  class space    used 4568K, capacity 4856K, committed 4864K, reserved 1048576K
}
Event: 11.052 GC heap after
{Heap after GC invocations=8 (full 0):
 garbage-first heap   total 196608K, used 22113K [0x0000000080000000, 0x0000000100000000)
  region size 1024K, 9 young (9216K), 9 survivors (9216K)
 Metaspace       used 35139K, capacity 35821K, committed 35840K, reserved 1081344K
  class space    used 4568K, capacity 4856K, committed 4864K, reserved 1048576K
}
Event: 14.992 GC heap before
{Heap before GC invocations=9 (full 0):
 garbage-first heap   total 196608K, used 127585K [0x0000000080000000, 0x0000000100000000)
  region size 1024K, 109 young (111616K), 9 survivors (9216K)
 Metaspace       used 44081K, capacity 45052K, committed 45312K, reserved 1089536K
  class space    used 5647K, capacity 6033K, committed 6144K, reserved 1048576K
}
Event: 15.014 GC heap after
{Heap after GC invocations=10 (full 0):
 garbage-first heap   total 196608K, used 27243K [0x0000000080000000, 0x0000000100000000)
  region size 1024K, 11 young (11264K), 11 survivors (11264K)
 Metaspace       used 44081K, capacity 45052K, committed 45312K, reserved 1089536K
  class space    used 5647K, capacity 6033K, committed 6144K, reserved 1048576K
}
Event: 20.285 GC heap before
{Heap before GC invocations=10 (full 0):
 garbage-first heap   total 196608K, used 135787K [0x0000000080000000, 0x0000000100000000)
  region size 1024K, 115 young (117760K), 11 survivors (11264K)
 Metaspace       used 53582K, capacity 54912K, committed 55040K, reserved 1097728K
  class space    used 6812K, capacity 7314K, committed 7424K, reserved 1048576K
}
Event: 20.311 GC heap after
{Heap after GC invocations=11 (full 0):
 garbage-first heap   total 196608K, used 39712K [0x0000000080000000, 0x0000000100000000)
  region size 1024K, 15 young (15360K), 15 survivors (15360K)
 Metaspace       used 53582K, capacity 54912K, committed 55040K, reserved 1097728K
  class space    used 6812K, capacity 7314K, committed 7424K, reserved 1048576K
}
Event: 22.388 GC heap before
{Heap before GC invocations=11 (full 0):
 garbage-first heap   total 196608K, used 82720K [0x0000000080000000, 0x0000000100000000)
  region size 1024K, 58 young (59392K), 15 survivors (15360K)
 Metaspace       used 58659K, capacity 60038K, committed 60160K, reserved 1101824K
  class space    used 7425K, capacity 7966K, committed 8064K, reserved 1048576K
}
Event: 22.418 GC heap after
{Heap after GC invocations=12 (full 0):
 garbage-first heap   total 196608K, used 45276K [0x0000000080000000, 0x0000000100000000)
  region size 1024K, 6 young (6144K), 6 survivors (6144K)
 Metaspace       used 58659K, capacity 60038K, committed 60160K, reserved 1101824K
  class space    used 7425K, capacity 7966K, committed 8064K, reserved 1048576K
}
Event: 25.078 GC heap before
{Heap before GC invocations=13 (full 0):
 garbage-first heap   total 196608K, used 133340K [0x0000000080000000, 0x0000000100000000)
  region size 1024K, 92 young (94208K), 6 survivors (6144K)
 Metaspace       used 64766K, capacity 66323K, committed 66432K, reserved 1105920K
  class space    used 8408K, capacity 9006K, committed 9088K, reserved 1048576K
}
Event: 25.094 GC heap after
{Heap after GC invocations=14 (full 0):
 garbage-first heap   total 196608K, used 49987K [0x0000000080000000, 0x0000000100000000)
  region size 1024K, 11 young (11264K), 11 survivors (11264K)
 Metaspace       used 64766K, capacity 66323K, committed 66432K, reserved 1105920K
  class space    used 8408K, capacity 9006K, committed 9088K, reserved 1048576K
}
Event: 29.002 GC heap before
{Heap before GC invocations=14 (full 0):
 garbage-first heap   total 196608K, used 139075K [0x0000000080000000, 0x0000000100000000)
  region size 1024K, 98 young (100352K), 11 survivors (11264K)
 Metaspace       used 72134K, capacity 73848K, committed 73856K, reserved 1114112K
  class space    used 9477K, capacity 10107K, committed 10112K, reserved 1048576K
}
Event: 29.024 GC heap after
{Heap after GC invocations=15 (full 0):
 garbage-first heap   total 196608K, used 56170K [0x0000000080000000, 0x0000000100000000)
  region size 1024K, 13 young (13312K), 13 survivors (13312K)
 Metaspace       used 72134K, capacity 73848K, committed 73856K, reserved 1114112K
  class space    used 9477K, capacity 10107K, committed 10112K, reserved 1048576K
}

