# JRE version: OpenJDK Runtime Environment (11.0.8+10) (build 11.0.8+10-b944.6842174)
# Java VM: OpenJDK 64-Bit Server VM (11.0.8+10-b944.6842174, mixed mode, tiered, compressed oops, g1 gc, windows-amd64)
Heap:
 garbage-first heap   total 196608K, used 30729K [0x0000000080000000, 0x0000000100000000)
  region size 1024K, 19 young (19456K), 6 survivors (6144K)
 Metaspace       used 27949K, capacity 28619K, committed 28800K, reserved 1075200K
  class space    used 3685K, capacity 3924K, committed 3968K, reserved 1048576K
GC Heap History (12 events):
Event: 1.274 GC heap before
{Heap before GC invocations=0 (full 0):
 garbage-first heap   total 196608K, used 19456K [0x0000000080000000, 0x0000000100000000)
  region size 1024K, 14 young (14336K), 0 survivors (0K)
 Metaspace       used 7418K, capacity 7567K, committed 7680K, reserved 1056768K
  class space    used 669K, capacity 716K, committed 768K, reserved 1048576K
}
Event: 1.353 GC heap after
{Heap after GC invocations=1 (full 0):
 garbage-first heap   total 196608K, used 7952K [0x0000000080000000, 0x0000000100000000)
  region size 1024K, 2 young (2048K), 2 survivors (2048K)
 Metaspace       used 7418K, capacity 7567K, committed 7680K, reserved 1056768K
  class space    used 669K, capacity 716K, committed 768K, reserved 1048576K
}
Event: 2.045 GC heap before
{Heap before GC invocations=1 (full 0):
 garbage-first heap   total 196608K, used 20240K [0x0000000080000000, 0x0000000100000000)
  region size 1024K, 14 young (14336K), 2 survivors (2048K)
 Metaspace       used 10525K, capacity 10692K, committed 11008K, reserved 1058816K
  class space    used 1102K, capacity 1164K, committed 1280K, reserved 1048576K
}
Event: 2.047 GC heap after
{Heap after GC invocations=2 (full 0):
 garbage-first heap   total 196608K, used 8716K [0x0000000080000000, 0x0000000100000000)
  region size 1024K, 1 young (1024K), 1 survivors (1024K)
 Metaspace       used 10525K, capacity 10692K, committed 11008K, reserved 1058816K
  class space    used 1102K, capacity 1164K, committed 1280K, reserved 1048576K
}
Event: 3.043 GC heap before
{Heap before GC invocations=2 (full 0):
 garbage-first heap   total 196608K, used 39436K [0x0000000080000000, 0x0000000100000000)
  region size 1024K, 32 young (32768K), 1 survivors (1024K)
 Metaspace       used 10688K, capacity 10949K, committed 11264K, reserved 1058816K
  class space    used 1104K, capacity 1164K, committed 1280K, reserved 1048576K
}
Event: 3.047 GC heap after
{Heap after GC invocations=3 (full 0):
 garbage-first heap   total 196608K, used 12985K [0x0000000080000000, 0x0000000100000000)
  region size 1024K, 4 young (4096K), 4 survivors (4096K)
 Metaspace       used 10688K, capacity 10949K, committed 11264K, reserved 1058816K
  class space    used 1104K, capacity 1164K, committed 1280K, reserved 1048576K
}
Event: 6.509 GC heap before
{Heap before GC invocations=3 (full 0):
 garbage-first heap   total 196608K, used 58041K [0x0000000080000000, 0x0000000100000000)
  region size 1024K, 48 young (49152K), 4 survivors (4096K)
 Metaspace       used 19151K, capacity 19582K, committed 19712K, reserved 1067008K
  class space    used 2322K, capacity 2457K, committed 2560K, reserved 1048576K
}
Event: 6.518 GC heap after
{Heap after GC invocations=4 (full 0):
 garbage-first heap   total 196608K, used 15935K [0x0000000080000000, 0x0000000100000000)
  region size 1024K, 3 young (3072K), 3 survivors (3072K)
 Metaspace       used 19151K, capacity 19582K, committed 19712K, reserved 1067008K
  class space    used 2322K, capacity 2457K, committed 2560K, reserved 1048576K
}
Event: 6.847 GC heap before
{Heap before GC invocations=4 (full 0):
 garbage-first heap   total 196608K, used 25151K [0x0000000080000000, 0x0000000100000000)
  region size 1024K, 13 young (13312K), 3 survivors (3072K)
 Metaspace       used 20627K, capacity 21093K, committed 21248K, reserved 1067008K
  class space    used 2520K, capacity 2710K, committed 2816K, reserved 1048576K
}
Event: 6.855 GC heap after
{Heap after GC invocations=5 (full 0):
 garbage-first heap   total 196608K, used 16193K [0x0000000080000000, 0x0000000100000000)
  region size 1024K, 4 young (4096K), 4 survivors (4096K)
 Metaspace       used 20627K, capacity 21093K, committed 21248K, reserved 1067008K
  class space    used 2520K, capacity 2710K, committed 2816K, reserved 1048576K
}
Event: 8.553 GC heap before
{Heap before GC invocations=6 (full 0):
 garbage-first heap   total 196608K, used 71489K [0x0000000080000000, 0x0000000100000000)
  region size 1024K, 58 young (59392K), 4 survivors (4096K)
 Metaspace       used 26710K, capacity 27357K, committed 27648K, reserved 1073152K
  class space    used 3502K, capacity 3718K, committed 3840K, reserved 1048576K
}
Event: 8.562 GC heap after
{Heap after GC invocations=7 (full 0):
 garbage-first heap   total 196608K, used 18441K [0x0000000080000000, 0x0000000100000000)
  region size 1024K, 6 young (6144K), 6 survivors (6144K)
 Metaspace       used 26710K, capacity 27357K, committed 27648K, reserved 1073152K
  class space    used 3502K, capacity 3718K, committed 3840K, reserved 1048576K
}

