# JRE version: OpenJDK Runtime Environment (11.0.8+10) (build 11.0.8+10-b944.6842174)
# Java VM: OpenJDK 64-Bit Server VM (11.0.8+10-b944.6842174, mixed mode, tiered, compressed oops, g1 gc, windows-amd64)
Heap:
 garbage-first heap   total 196608K, used 53561K [0x0000000080000000, 0x0000000100000000)
  region size 1024K, 30 young (30720K), 15 survivors (15360K)
 Metaspace       used 54874K, capacity 56268K, committed 56448K, reserved 1097728K
  class space    used 6976K, capacity 7511K, committed 7552K, reserved 1048576K
GC Heap History (18 events):
Event: 1.038 GC heap before
{Heap before GC invocations=0 (full 0):
 garbage-first heap   total 196608K, used 19456K [0x0000000080000000, 0x0000000100000000)
  region size 1024K, 14 young (14336K), 0 survivors (0K)
 Metaspace       used 7412K, capacity 7567K, committed 7680K, reserved 1056768K
  class space    used 669K, capacity 716K, committed 768K, reserved 1048576K
}
Event: 1.071 GC heap after
{Heap after GC invocations=1 (full 0):
 garbage-first heap   total 196608K, used 7953K [0x0000000080000000, 0x0000000100000000)
  region size 1024K, 2 young (2048K), 2 survivors (2048K)
 Metaspace       used 7412K, capacity 7567K, committed 7680K, reserved 1056768K
  class space    used 669K, capacity 716K, committed 768K, reserved 1048576K
}
Event: 1.687 GC heap before
{Heap before GC invocations=1 (full 0):
 garbage-first heap   total 196608K, used 19217K [0x0000000080000000, 0x0000000100000000)
  region size 1024K, 13 young (13312K), 2 survivors (2048K)
 Metaspace       used 10437K, capacity 10689K, committed 11008K, reserved 1058816K
  class space    used 1093K, capacity 1163K, committed 1280K, reserved 1048576K
}
Event: 1.690 GC heap after
{Heap after GC invocations=2 (full 0):
 garbage-first heap   total 196608K, used 8698K [0x0000000080000000, 0x0000000100000000)
  region size 1024K, 1 young (1024K), 1 survivors (1024K)
 Metaspace       used 10437K, capacity 10689K, committed 11008K, reserved 1058816K
  class space    used 1093K, capacity 1163K, committed 1280K, reserved 1048576K
}
Event: 2.377 GC heap before
{Heap before GC invocations=2 (full 0):
 garbage-first heap   total 196608K, used 38394K [0x0000000080000000, 0x0000000100000000)
  region size 1024K, 31 young (31744K), 1 survivors (1024K)
 Metaspace       used 10676K, capacity 10885K, committed 11008K, reserved 1058816K
  class space    used 1104K, capacity 1164K, committed 1280K, reserved 1048576K
}
Event: 2.382 GC heap after
{Heap after GC invocations=3 (full 0):
 garbage-first heap   total 196608K, used 13312K [0x0000000080000000, 0x0000000100000000)
  region size 1024K, 4 young (4096K), 4 survivors (4096K)
 Metaspace       used 10676K, capacity 10885K, committed 11008K, reserved 1058816K
  class space    used 1104K, capacity 1164K, committed 1280K, reserved 1048576K
}
Event: 5.110 GC heap before
{Heap before GC invocations=3 (full 0):
 garbage-first heap   total 196608K, used 57344K [0x0000000080000000, 0x0000000100000000)
  region size 1024K, 47 young (48128K), 4 survivors (4096K)
 Metaspace       used 18970K, capacity 19388K, committed 19712K, reserved 1067008K
  class space    used 2289K, capacity 2456K, committed 2560K, reserved 1048576K
}
Event: 5.119 GC heap after
{Heap after GC invocations=4 (full 0):
 garbage-first heap   total 196608K, used 16126K [0x0000000080000000, 0x0000000100000000)
  region size 1024K, 3 young (3072K), 3 survivors (3072K)
 Metaspace       used 18970K, capacity 19388K, committed 19712K, reserved 1067008K
  class space    used 2289K, capacity 2456K, committed 2560K, reserved 1048576K
}
Event: 5.493 GC heap before
{Heap before GC invocations=4 (full 0):
 garbage-first heap   total 196608K, used 27390K [0x0000000080000000, 0x0000000100000000)
  region size 1024K, 15 young (15360K), 3 survivors (3072K)
 Metaspace       used 20602K, capacity 21093K, committed 21248K, reserved 1067008K
  class space    used 2519K, capacity 2710K, committed 2816K, reserved 1048576K
}
Event: 5.501 GC heap after
{Heap after GC invocations=5 (full 0):
 garbage-first heap   total 196608K, used 16560K [0x0000000080000000, 0x0000000100000000)
  region size 1024K, 4 young (4096K), 4 survivors (4096K)
 Metaspace       used 20602K, capacity 21093K, committed 21248K, reserved 1067008K
  class space    used 2519K, capacity 2710K, committed 2816K, reserved 1048576K
}
Event: 6.959 GC heap before
{Heap before GC invocations=6 (full 0):
 garbage-first heap   total 196608K, used 71856K [0x0000000080000000, 0x0000000100000000)
  region size 1024K, 58 young (59392K), 4 survivors (4096K)
 Metaspace       used 26660K, capacity 27225K, committed 27392K, reserved 1073152K
  class space    used 3493K, capacity 3716K, committed 3840K, reserved 1048576K
}
Event: 6.968 GC heap after
{Heap after GC invocations=7 (full 0):
 garbage-first heap   total 196608K, used 18548K [0x0000000080000000, 0x0000000100000000)
  region size 1024K, 6 young (6144K), 6 survivors (6144K)
 Metaspace       used 26660K, capacity 27225K, committed 27392K, reserved 1073152K
  class space    used 3493K, capacity 3716K, committed 3840K, reserved 1048576K
}
Event: 8.812 GC heap before
{Heap before GC invocations=7 (full 0):
 garbage-first heap   total 196608K, used 61556K [0x0000000080000000, 0x0000000100000000)
  region size 1024K, 50 young (51200K), 6 survivors (6144K)
 Metaspace       used 35114K, capacity 35789K, committed 35840K, reserved 1081344K
  class space    used 4561K, capacity 4824K, committed 4864K, reserved 1048576K
}
Event: 8.827 GC heap after
{Heap after GC invocations=8 (full 0):
 garbage-first heap   total 196608K, used 22043K [0x0000000080000000, 0x0000000100000000)
  region size 1024K, 9 young (9216K), 9 survivors (9216K)
 Metaspace       used 35114K, capacity 35789K, committed 35840K, reserved 1081344K
  class space    used 4561K, capacity 4824K, committed 4864K, reserved 1048576K
}
Event: 13.772 GC heap before
{Heap before GC invocations=9 (full 0):
 garbage-first heap   total 196608K, used 121371K [0x0000000080000000, 0x0000000100000000)
  region size 1024K, 103 young (105472K), 9 survivors (9216K)
 Metaspace       used 43828K, capacity 44837K, committed 44928K, reserved 1087488K
  class space    used 5603K, capacity 5983K, committed 6016K, reserved 1048576K
}
Event: 13.792 GC heap after
{Heap after GC invocations=10 (full 0):
 garbage-first heap   total 196608K, used 27100K [0x0000000080000000, 0x0000000100000000)
  region size 1024K, 11 young (11264K), 11 survivors (11264K)
 Metaspace       used 43828K, capacity 44837K, committed 44928K, reserved 1087488K
  class space    used 5603K, capacity 5983K, committed 6016K, reserved 1048576K
}
Event: 17.240 GC heap before
{Heap before GC invocations=10 (full 0):
 garbage-first heap   total 196608K, used 135644K [0x0000000080000000, 0x0000000100000000)
  region size 1024K, 114 young (116736K), 11 survivors (11264K)
 Metaspace       used 52397K, capacity 53690K, committed 53760K, reserved 1095680K
  class space    used 6645K, capacity 7125K, committed 7168K, reserved 1048576K
}
Event: 17.264 GC heap after
{Heap after GC invocations=11 (full 0):
 garbage-first heap   total 196608K, used 39225K [0x0000000080000000, 0x0000000100000000)
  region size 1024K, 15 young (15360K), 15 survivors (15360K)
 Metaspace       used 52397K, capacity 53690K, committed 53760K, reserved 1095680K
  class space    used 6645K, capacity 7125K, committed 7168K, reserved 1048576K
}

